<?xml version="1.0" encoding="UTF-8"?>
<testsuite name="rsqasampleproj/tests" tests="1" failures="1" skipped="0" hostname="DForce-Mayur" time="944.283" timestamp="Mon Apr 25 19:44:30 IST 2022">
	<properties>
		<property name="excludeCallableTestCases" value="false"/>
		<property name="testEnvironment" value="AutomationOrg"/>
		<property name="pluginOutputLevel" value="WARNING"/>
		<property name="projectPath" value=".."/>
		<property name="salesforceMetadataCache" value="Reload"/>
		<property name="resultsPathDisposition" value="Increment"/>
		<property name="testOutputLevel" value="INFO"/>
		<property name="webBrowserType" value="Chrome"/>
		<property name="resultsPath" value="../ANT/R-Purchase_Requisition_to_PostPayment"/>
		<property name="webBrowserConfiguration" value="Full Screen"/>
		<property name="projectCachePath" value="D:\provar\rsqasampleproj\rsqasampleproj\ANT\..\.provarCaches"/>
	</properties>
	<testcase classname="tests/Purchase Order\Purchase Requisition to PostPayment.testcase" name="Purchase Requisition to PostPayment.testcase" time="922.927">
		<failure message="Execution failed"><![CDATA[The workbook path is required.]]></failure>
	</testcase>
</testsuite>
